Using pre-set license
Built from '2020.3/release' branch; Version is '2020.3.12f1 (b3b2c6512326) revision 11776710'; Using compiler version '192528614'; Build Type 'Release'
OS: 'Windows 10 Pro; OS build 19045.2965; Version 2009; 64bit' Language: 'en' Physical Memory: 7989 MB
BatchMode: 1, IsHumanControllingUs: 0, StartBugReporterOnCrash: 0, Is64bit: 1, IsPro: 0

 COMMAND LINE ARGUMENTS:
C:\Program Files\Unity\Hub\Editor\2020.3.12f1\Editor\Unity.exe
-adb2
-batchMode
-noUpm
-name
AssetImportWorker0
-projectPath
C:/Users/Ninja33/Documents/GitHub/Ninja-Run-PY/BS- Ninja Run PY
-logFile
Logs/AssetImportWorker0.log
-srvPort
65367
Successfully changed project path to: C:/Users/Ninja33/Documents/GitHub/Ninja-Run-PY/BS- Ninja Run PY
C:/Users/Ninja33/Documents/GitHub/Ninja-Run-PY/BS- Ninja Run PY
Using Asset Import Pipeline V2.
Refreshing native plugins compatible for Editor in 74.61 ms, found 2 plugins.
Preloading 0 native plugins for Editor in 0.00 ms.
Initialize engine version: 2020.3.12f1 (b3b2c6512326)
[Subsystems] Discovering subsystems at path C:/Program Files/Unity/Hub/Editor/2020.3.12f1/Editor/Data/Resources/UnitySubsystems
[Subsystems] Discovering subsystems at path C:/Users/Ninja33/Documents/GitHub/Ninja-Run-PY/BS- Ninja Run PY/Assets
GfxDevice: creating device client; threaded=0
Direct3D:
    Version:  Direct3D 11.0 [level 10.0]
    Renderer: Intel(R) HD Graphics (ID=0x46)
    Vendor:   
    VRAM:     128 MB
    Driver:   8.15.10.2900
Initialize mono
Mono path[0] = 'C:/Program Files/Unity/Hub/Editor/2020.3.12f1/Editor/Data/Managed'
Mono path[1] = 'C:/Program Files/Unity/Hub/Editor/2020.3.12f1/Editor/Data/MonoBleedingEdge/lib/mono/unityjit'
Mono config path = 'C:/Program Files/Unity/Hub/Editor/2020.3.12f1/Editor/Data/MonoBleedingEdge/etc'
Using monoOptions --debugger-agent=transport=dt_socket,embedding=1,server=y,suspend=n,address=127.0.0.1:56984
Begin MonoManager ReloadAssembly
Registering precompiled unity dll's ...
Register platform support module: C:/Program Files/Unity/Hub/Editor/2020.3.12f1/Editor/Data/PlaybackEngines/WindowsStandaloneSupport/UnityEditor.WindowsStandalone.Extensions.dll
Registered in 0.005175 seconds.
Native extension for WindowsStandalone target not found
Refreshing native plugins compatible for Editor in 64.43 ms, found 2 plugins.
Preloading 0 native plugins for Editor in 0.00 ms.
Mono: successfully reloaded assembly
- Completed reload, in  2.520 seconds
Platform modules already initialized, skipping
Registering precompiled user dll's ...
Registered in 0.009204 seconds.
Begin MonoManager ReloadAssembly
Native extension for WindowsStandalone target not found
Refreshing native plugins compatible for Editor in 0.80 ms, found 2 plugins.
Preloading 0 native plugins for Editor in 0.00 ms.
Mono: successfully reloaded assembly
- Completed reload, in  2.427 seconds
Platform modules already initialized, skipping
========================================================================
Worker process is ready to serve import requests
Launched and connected shader compiler UnityShaderCompiler.exe after 0.10 seconds
Refreshing native plugins compatible for Editor in 0.73 ms, found 2 plugins.
Preloading 0 native plugins for Editor in 0.00 ms.
Unloading 1386 Unused Serialized files (Serialized files now loaded: 0)
System memory in use before: 64.8 MB.
System memory in use after: 64.8 MB.

Unloading 19 unused Assets to reduce memory usage. Loaded Objects now: 1818.
Total: 4.561900 ms (FindLiveObjects: 0.313700 ms CreateObjectMapping: 0.107400 ms MarkObjects: 3.900700 ms  DeleteObjects: 0.236400 ms)

AssetImportParameters requested are different than current active one (requested -> active):
  custom:framework-win-MediaFoundation: 216162199b28c13a410421893ffa2e32 -> 
  custom:video-decoder-ogg-theora: a1e56fd34408186e4bbccfd4996cb3dc -> 
  custom:container-muxer-webm: aa71ff27fc2769a1b78a27578f13a17b -> 
  custom:container-demuxer-webm: 4f35f7cbe854078d1ac9338744f61a02 -> 
  custom:container-demuxer-ogg: 62fdf1f143b41e24485cea50d1cbac27 -> 
  custom:video-encoder-webm-vp8: eb34c28f22e8b96e1ab97ce403110664 -> 
  custom:video-decoder-webm-vp8: 9c59270c3fd7afecdb556c50c9e8de78 -> 
  custom:audio-decoder-ogg-vorbis: bf7c407c2cedff20999df2af8eb42d56 -> 
  custom:audio-encoder-webm-vorbis: bf7c407c2cedff20999df2af8eb42d56 -> 
========================================================================
Received Import Request.
  path: Assets/Scenes/SampleScene.unity
  artifactKey: Guid(9fc0d4010bbf28b4594072e72b8655ab) Importer(815301076,1909f56bfc062723c751e8b465ee728b)
Start importing Assets/Scenes/SampleScene.unity using Guid(9fc0d4010bbf28b4594072e72b8655ab) Importer(815301076,1909f56bfc062723c751e8b465ee728b)  -> (artifact id: '85059f4f9e1a832ed95adaa0d25c5c4c') in 0.033068 seconds 
  Import took 0.038427 seconds .

========================================================================
Received Prepare
Registering precompiled user dll's ...
Registered in 0.008573 seconds.
Begin MonoManager ReloadAssembly
Native extension for WindowsStandalone target not found
Refreshing native plugins compatible for Editor in 0.78 ms, found 2 plugins.
Preloading 0 native plugins for Editor in 0.00 ms.
Mono: successfully reloaded assembly
- Completed reload, in  2.313 seconds
Platform modules already initialized, skipping
Refreshing native plugins compatible for Editor in 0.83 ms, found 2 plugins.
Preloading 0 native plugins for Editor in 0.00 ms.
Unloading 1388 Unused Serialized files (Serialized files now loaded: 0)
System memory in use before: 64.9 MB.
System memory in use after: 65.0 MB.

Unloading 14 unused Assets to reduce memory usage. Loaded Objects now: 1828.
Total: 4.849100 ms (FindLiveObjects: 0.310100 ms CreateObjectMapping: 0.160800 ms MarkObjects: 4.251700 ms  DeleteObjects: 0.122500 ms)

AssetImportParameters requested are different than current active one (requested -> active):
  custom:framework-win-MediaFoundation: 216162199b28c13a410421893ffa2e32 -> 
  custom:video-decoder-ogg-theora: a1e56fd34408186e4bbccfd4996cb3dc -> 
  custom:container-muxer-webm: aa71ff27fc2769a1b78a27578f13a17b -> 
  custom:container-demuxer-webm: 4f35f7cbe854078d1ac9338744f61a02 -> 
  custom:container-demuxer-ogg: 62fdf1f143b41e24485cea50d1cbac27 -> 
  custom:video-encoder-webm-vp8: eb34c28f22e8b96e1ab97ce403110664 -> 
  custom:video-decoder-webm-vp8: 9c59270c3fd7afecdb556c50c9e8de78 -> 
  custom:audio-decoder-ogg-vorbis: bf7c407c2cedff20999df2af8eb42d56 -> 
  custom:audio-encoder-webm-vorbis: bf7c407c2cedff20999df2af8eb42d56 -> 
========================================================================
Received Import Request.
  Time since last request: 124.938672 seconds.
  path: Assets/Scenes/FindTheExit.unity
  artifactKey: Guid(22c8553cd79e40b4c910741a9340f4c6) Importer(815301076,1909f56bfc062723c751e8b465ee728b)
Start importing Assets/Scenes/FindTheExit.unity using Guid(22c8553cd79e40b4c910741a9340f4c6) Importer(815301076,1909f56bfc062723c751e8b465ee728b)  -> (artifact id: 'cd450c24a547342769ecb9f806eaee72') in 0.043647 seconds 
  Import took 0.049302 seconds .

========================================================================
Received Prepare
Registering precompiled user dll's ...
Registered in 0.008903 seconds.
Begin MonoManager ReloadAssembly
Native extension for WindowsStandalone target not found
Refreshing native plugins compatible for Editor in 0.77 ms, found 2 plugins.
Preloading 0 native plugins for Editor in 0.00 ms.
Mono: successfully reloaded assembly
- Completed reload, in  2.424 seconds
Platform modules already initialized, skipping
Refreshing native plugins compatible for Editor in 0.79 ms, found 2 plugins.
Preloading 0 native plugins for Editor in 0.00 ms.
Unloading 1388 Unused Serialized files (Serialized files now loaded: 0)
System memory in use before: 64.9 MB.
System memory in use after: 65.0 MB.

Unloading 14 unused Assets to reduce memory usage. Loaded Objects now: 1831.
Total: 4.590300 ms (FindLiveObjects: 0.323700 ms CreateObjectMapping: 0.111500 ms MarkObjects: 4.020300 ms  DeleteObjects: 0.131200 ms)

AssetImportParameters requested are different than current active one (requested -> active):
  custom:framework-win-MediaFoundation: 216162199b28c13a410421893ffa2e32 -> 
  custom:video-decoder-ogg-theora: a1e56fd34408186e4bbccfd4996cb3dc -> 
  custom:container-muxer-webm: aa71ff27fc2769a1b78a27578f13a17b -> 
  custom:container-demuxer-webm: 4f35f7cbe854078d1ac9338744f61a02 -> 
  custom:container-demuxer-ogg: 62fdf1f143b41e24485cea50d1cbac27 -> 
  custom:video-encoder-webm-vp8: eb34c28f22e8b96e1ab97ce403110664 -> 
  custom:video-decoder-webm-vp8: 9c59270c3fd7afecdb556c50c9e8de78 -> 
  custom:audio-decoder-ogg-vorbis: bf7c407c2cedff20999df2af8eb42d56 -> 
  custom:audio-encoder-webm-vorbis: bf7c407c2cedff20999df2af8eb42d56 -> 
========================================================================
Received Import Request.
  Time since last request: 147.498395 seconds.
  path: Assets/FX/JMO Assets/Materials/CFX_Smoke_4frms.mat
  artifactKey: Guid(3217b570b11b257469c5461f0457e5d4) Importer(815301076,1909f56bfc062723c751e8b465ee728b)
Start importing Assets/FX/JMO Assets/Materials/CFX_Smoke_4frms.mat using Guid(3217b570b11b257469c5461f0457e5d4) Importer(815301076,1909f56bfc062723c751e8b465ee728b)  -> (artifact id: '3b83c0d92a26269795f8437170b8056b') in 0.324593 seconds 
  Import took 0.331051 seconds .

========================================================================
Received Import Request.
  Time since last request: 0.020294 seconds.
  path: Assets/FX/JMO Assets/Materials/CFX_Smoke_4frms.mat
  artifactKey: Guid(3217b570b11b257469c5461f0457e5d4) Importer(815301076,1909f56bfc062723c751e8b465ee728b)
Start importing Assets/FX/JMO Assets/Materials/CFX_Smoke_4frms.mat using Guid(3217b570b11b257469c5461f0457e5d4) Importer(815301076,1909f56bfc062723c751e8b465ee728b)  -> (artifact id: '3b83c0d92a26269795f8437170b8056b') in 0.025958 seconds 
  Import took 0.033490 seconds .

========================================================================
Received Import Request.
  Time since last request: 22.577874 seconds.
  path: Assets/Scripts
  artifactKey: Guid(3233c9263bc718b48b0b538347880bc2) Importer(815301076,1909f56bfc062723c751e8b465ee728b)
Start importing Assets/Scripts using Guid(3233c9263bc718b48b0b538347880bc2) Importer(815301076,1909f56bfc062723c751e8b465ee728b)  -> (artifact id: 'b49e32a392f0f1ff4038419cf160da32') in 0.019450 seconds 
  Import took 0.026180 seconds .

========================================================================
Received Import Request.
  Time since last request: 8.541689 seconds.
  path: Assets/Scripts/Pickup.cs
  artifactKey: Guid(b054205f35c7a124781b0816094d81c3) Importer(815301076,1909f56bfc062723c751e8b465ee728b)
Start importing Assets/Scripts/Pickup.cs using Guid(b054205f35c7a124781b0816094d81c3) Importer(815301076,1909f56bfc062723c751e8b465ee728b)  -> (artifact id: '0eac1bb7daa32d4c2bd37b369a5391c3') in 0.098937 seconds 
  Import took 0.107917 seconds .

========================================================================
Received Prepare
Registering precompiled user dll's ...
Registered in 0.009226 seconds.
Begin MonoManager ReloadAssembly
Native extension for WindowsStandalone target not found
Refreshing native plugins compatible for Editor in 0.78 ms, found 2 plugins.
Preloading 0 native plugins for Editor in 0.00 ms.
Mono: successfully reloaded assembly
- Completed reload, in  2.399 seconds
Platform modules already initialized, skipping
Refreshing native plugins compatible for Editor in 0.79 ms, found 2 plugins.
Preloading 0 native plugins for Editor in 0.00 ms.
Unloading 1389 Unused Serialized files (Serialized files now loaded: 0)
System memory in use before: 68.3 MB.
System memory in use after: 68.4 MB.

Unloading 14 unused Assets to reduce memory usage. Loaded Objects now: 1876.
Total: 4.248000 ms (FindLiveObjects: 0.321700 ms CreateObjectMapping: 0.107700 ms MarkObjects: 3.687900 ms  DeleteObjects: 0.127300 ms)

AssetImportParameters requested are different than current active one (requested -> active):
  custom:framework-win-MediaFoundation: 216162199b28c13a410421893ffa2e32 -> 
  custom:video-decoder-ogg-theora: a1e56fd34408186e4bbccfd4996cb3dc -> 
  custom:container-muxer-webm: aa71ff27fc2769a1b78a27578f13a17b -> 
  custom:container-demuxer-webm: 4f35f7cbe854078d1ac9338744f61a02 -> 
  custom:container-demuxer-ogg: 62fdf1f143b41e24485cea50d1cbac27 -> 
  custom:video-encoder-webm-vp8: eb34c28f22e8b96e1ab97ce403110664 -> 
  custom:video-decoder-webm-vp8: 9c59270c3fd7afecdb556c50c9e8de78 -> 
  custom:audio-decoder-ogg-vorbis: bf7c407c2cedff20999df2af8eb42d56 -> 
  custom:audio-encoder-webm-vorbis: bf7c407c2cedff20999df2af8eb42d56 -> 
========================================================================
Received Prepare
Registering precompiled user dll's ...
Registered in 0.011579 seconds.
Begin MonoManager ReloadAssembly
Native extension for WindowsStandalone target not found
Refreshing native plugins compatible for Editor in 0.78 ms, found 2 plugins.
Preloading 0 native plugins for Editor in 0.00 ms.
Mono: successfully reloaded assembly
- Completed reload, in  2.409 seconds
Platform modules already initialized, skipping
Refreshing native plugins compatible for Editor in 0.90 ms, found 2 plugins.
Preloading 0 native plugins for Editor in 0.00 ms.
Unloading 1389 Unused Serialized files (Serialized files now loaded: 0)
System memory in use before: 68.3 MB.
System memory in use after: 68.4 MB.

Unloading 14 unused Assets to reduce memory usage. Loaded Objects now: 1879.
Total: 4.245500 ms (FindLiveObjects: 0.357000 ms CreateObjectMapping: 0.111900 ms MarkObjects: 3.647300 ms  DeleteObjects: 0.125300 ms)

AssetImportParameters requested are different than current active one (requested -> active):
  custom:framework-win-MediaFoundation: 216162199b28c13a410421893ffa2e32 -> 
  custom:video-decoder-ogg-theora: a1e56fd34408186e4bbccfd4996cb3dc -> 
  custom:container-muxer-webm: aa71ff27fc2769a1b78a27578f13a17b -> 
  custom:container-demuxer-webm: 4f35f7cbe854078d1ac9338744f61a02 -> 
  custom:container-demuxer-ogg: 62fdf1f143b41e24485cea50d1cbac27 -> 
  custom:video-encoder-webm-vp8: eb34c28f22e8b96e1ab97ce403110664 -> 
  custom:video-decoder-webm-vp8: 9c59270c3fd7afecdb556c50c9e8de78 -> 
  custom:audio-decoder-ogg-vorbis: bf7c407c2cedff20999df2af8eb42d56 -> 
  custom:audio-encoder-webm-vorbis: bf7c407c2cedff20999df2af8eb42d56 -> 
========================================================================
Received Import Request.
  Time since last request: 972.164088 seconds.
  path: Assets/Scripts/Pickup.cs
  artifactKey: Guid(b054205f35c7a124781b0816094d81c3) Importer(815301076,1909f56bfc062723c751e8b465ee728b)
Start importing Assets/Scripts/Pickup.cs using Guid(b054205f35c7a124781b0816094d81c3) Importer(815301076,1909f56bfc062723c751e8b465ee728b)  -> (artifact id: '85db7fe85b2f5be7f9f87e8872722ccf') in 0.015607 seconds 
  Import took 0.021075 seconds .

========================================================================
Received Import Request.
  Time since last request: 0.000435 seconds.
  path: Assets/Scripts/Pickup.cs
  artifactKey: Guid(b054205f35c7a124781b0816094d81c3) Importer(815301076,1909f56bfc062723c751e8b465ee728b)
Start importing Assets/Scripts/Pickup.cs using Guid(b054205f35c7a124781b0816094d81c3) Importer(815301076,1909f56bfc062723c751e8b465ee728b)  -> (artifact id: '85db7fe85b2f5be7f9f87e8872722ccf') in 0.006921 seconds 
  Import took 0.013232 seconds .

========================================================================
Received Prepare
Registering precompiled user dll's ...
Registered in 0.677272 seconds.
Begin MonoManager ReloadAssembly
Native extension for WindowsStandalone target not found
Refreshing native plugins compatible for Editor in 1.03 ms, found 2 plugins.
Preloading 0 native plugins for Editor in 0.00 ms.
Mono: successfully reloaded assembly
- Completed reload, in  4.138 seconds
Platform modules already initialized, skipping
Refreshing native plugins compatible for Editor in 0.95 ms, found 2 plugins.
Preloading 0 native plugins for Editor in 0.00 ms.
Unloading 1389 Unused Serialized files (Serialized files now loaded: 0)
System memory in use before: 68.3 MB.
System memory in use after: 68.4 MB.

Unloading 14 unused Assets to reduce memory usage. Loaded Objects now: 1882.
Total: 4.386100 ms (FindLiveObjects: 0.341600 ms CreateObjectMapping: 0.131600 ms MarkObjects: 3.777200 ms  DeleteObjects: 0.132000 ms)

AssetImportParameters requested are different than current active one (requested -> active):
  custom:framework-win-MediaFoundation: 216162199b28c13a410421893ffa2e32 -> 
  custom:video-decoder-ogg-theora: a1e56fd34408186e4bbccfd4996cb3dc -> 
  custom:container-muxer-webm: aa71ff27fc2769a1b78a27578f13a17b -> 
  custom:container-demuxer-webm: 4f35f7cbe854078d1ac9338744f61a02 -> 
  custom:container-demuxer-ogg: 62fdf1f143b41e24485cea50d1cbac27 -> 
  custom:video-encoder-webm-vp8: eb34c28f22e8b96e1ab97ce403110664 -> 
  custom:video-decoder-webm-vp8: 9c59270c3fd7afecdb556c50c9e8de78 -> 
  custom:audio-decoder-ogg-vorbis: bf7c407c2cedff20999df2af8eb42d56 -> 
  custom:audio-encoder-webm-vorbis: bf7c407c2cedff20999df2af8eb42d56 -> 
========================================================================
Received Import Request.
  Time since last request: 274.816981 seconds.
  path: ProjectSettings/TagManager.asset
  artifactKey: Guid(00000000000000003000000000000000) Importer(815301076,1909f56bfc062723c751e8b465ee728b)
Start importing ProjectSettings/TagManager.asset using Guid(00000000000000003000000000000000) Importer(815301076,1909f56bfc062723c751e8b465ee728b)  -> (artifact id: 'ce6a35c3cddc746e7501c0bd0ed6d4ce') in 0.046409 seconds 
  Import took 0.052504 seconds .

========================================================================
Received Import Request.
  Time since last request: 101.072284 seconds.
  path: Assets/Scripts/Pickup.cs
  artifactKey: Guid(b054205f35c7a124781b0816094d81c3) Importer(815301076,1909f56bfc062723c751e8b465ee728b)
Start importing Assets/Scripts/Pickup.cs using Guid(b054205f35c7a124781b0816094d81c3) Importer(815301076,1909f56bfc062723c751e8b465ee728b)  -> (artifact id: '8b34ff64f32f484d58bba836558c8a6f') in 0.023255 seconds 
  Import took 0.032905 seconds .

========================================================================
Received Import Request.
  Time since last request: 31.483046 seconds.
  path: Assets/Scripts/Pickup.cs
  artifactKey: Guid(b054205f35c7a124781b0816094d81c3) Importer(815301076,1909f56bfc062723c751e8b465ee728b)
Start importing Assets/Scripts/Pickup.cs using Guid(b054205f35c7a124781b0816094d81c3) Importer(815301076,1909f56bfc062723c751e8b465ee728b)  -> (artifact id: 'd7bb67b1f97a17f15033c657d790460e') in 0.012760 seconds 
  Import took 0.033467 seconds .

========================================================================
Received Prepare
Registering precompiled user dll's ...
Registered in 0.010729 seconds.
Begin MonoManager ReloadAssembly
Native extension for WindowsStandalone target not found
Refreshing native plugins compatible for Editor in 0.84 ms, found 2 plugins.
Preloading 0 native plugins for Editor in 0.00 ms.
Mono: successfully reloaded assembly
- Completed reload, in  2.333 seconds
Platform modules already initialized, skipping
Refreshing native plugins compatible for Editor in 0.81 ms, found 2 plugins.
Preloading 0 native plugins for Editor in 0.00 ms.
Unloading 1389 Unused Serialized files (Serialized files now loaded: 0)
System memory in use before: 68.4 MB.
System memory in use after: 68.4 MB.

Unloading 15 unused Assets to reduce memory usage. Loaded Objects now: 1885.
Total: 6.971000 ms (FindLiveObjects: 0.317200 ms CreateObjectMapping: 0.107700 ms MarkObjects: 6.415700 ms  DeleteObjects: 0.126600 ms)

AssetImportParameters requested are different than current active one (requested -> active):
  custom:framework-win-MediaFoundation: 216162199b28c13a410421893ffa2e32 -> 
  custom:video-decoder-ogg-theora: a1e56fd34408186e4bbccfd4996cb3dc -> 
  custom:container-muxer-webm: aa71ff27fc2769a1b78a27578f13a17b -> 
  custom:container-demuxer-webm: 4f35f7cbe854078d1ac9338744f61a02 -> 
  custom:container-demuxer-ogg: 62fdf1f143b41e24485cea50d1cbac27 -> 
  custom:video-encoder-webm-vp8: eb34c28f22e8b96e1ab97ce403110664 -> 
  custom:video-decoder-webm-vp8: 9c59270c3fd7afecdb556c50c9e8de78 -> 
  custom:audio-decoder-ogg-vorbis: bf7c407c2cedff20999df2af8eb42d56 -> 
  custom:audio-encoder-webm-vorbis: bf7c407c2cedff20999df2af8eb42d56 -> 
========================================================================
Received Import Request.
  Time since last request: 42.218570 seconds.
  path: Assets/Scripts/Pickup.cs
  artifactKey: Guid(b054205f35c7a124781b0816094d81c3) Importer(815301076,1909f56bfc062723c751e8b465ee728b)
Start importing Assets/Scripts/Pickup.cs using Guid(b054205f35c7a124781b0816094d81c3) Importer(815301076,1909f56bfc062723c751e8b465ee728b)  -> (artifact id: '241370a8476f27fc24cbc457ccc21f66') in 0.009619 seconds 
  Import took 0.015086 seconds .

========================================================================
Received Prepare
Registering precompiled user dll's ...
Registered in 0.011987 seconds.
Begin MonoManager ReloadAssembly
Native extension for WindowsStandalone target not found
Refreshing native plugins compatible for Editor in 0.85 ms, found 2 plugins.
Preloading 0 native plugins for Editor in 0.00 ms.
Mono: successfully reloaded assembly
- Completed reload, in  2.445 seconds
Platform modules already initialized, skipping
Refreshing native plugins compatible for Editor in 0.78 ms, found 2 plugins.
Preloading 0 native plugins for Editor in 0.00 ms.
Unloading 1389 Unused Serialized files (Serialized files now loaded: 0)
System memory in use before: 68.4 MB.
System memory in use after: 68.4 MB.

Unloading 14 unused Assets to reduce memory usage. Loaded Objects now: 1888.
Total: 5.306900 ms (FindLiveObjects: 0.330000 ms CreateObjectMapping: 0.109100 ms MarkObjects: 4.736100 ms  DeleteObjects: 0.127800 ms)

AssetImportParameters requested are different than current active one (requested -> active):
  custom:framework-win-MediaFoundation: 216162199b28c13a410421893ffa2e32 -> 
  custom:video-decoder-ogg-theora: a1e56fd34408186e4bbccfd4996cb3dc -> 
  custom:container-muxer-webm: aa71ff27fc2769a1b78a27578f13a17b -> 
  custom:container-demuxer-webm: 4f35f7cbe854078d1ac9338744f61a02 -> 
  custom:container-demuxer-ogg: 62fdf1f143b41e24485cea50d1cbac27 -> 
  custom:video-encoder-webm-vp8: eb34c28f22e8b96e1ab97ce403110664 -> 
  custom:video-decoder-webm-vp8: 9c59270c3fd7afecdb556c50c9e8de78 -> 
  custom:audio-decoder-ogg-vorbis: bf7c407c2cedff20999df2af8eb42d56 -> 
  custom:audio-encoder-webm-vorbis: bf7c407c2cedff20999df2af8eb42d56 -> 
========================================================================
Received Prepare
Registering precompiled user dll's ...
Registered in 0.010640 seconds.
Begin MonoManager ReloadAssembly
Native extension for WindowsStandalone target not found
Refreshing native plugins compatible for Editor in 0.80 ms, found 2 plugins.
Preloading 0 native plugins for Editor in 0.00 ms.
Mono: successfully reloaded assembly
- Completed reload, in  2.624 seconds
Platform modules already initialized, skipping
Refreshing native plugins compatible for Editor in 0.80 ms, found 2 plugins.
Preloading 0 native plugins for Editor in 0.00 ms.
Unloading 1389 Unused Serialized files (Serialized files now loaded: 0)
System memory in use before: 68.4 MB.
System memory in use after: 68.4 MB.

Unloading 14 unused Assets to reduce memory usage. Loaded Objects now: 1891.
Total: 4.940400 ms (FindLiveObjects: 0.329900 ms CreateObjectMapping: 0.180000 ms MarkObjects: 4.277200 ms  DeleteObjects: 0.149600 ms)

AssetImportParameters requested are different than current active one (requested -> active):
  custom:framework-win-MediaFoundation: 216162199b28c13a410421893ffa2e32 -> 
  custom:video-decoder-ogg-theora: a1e56fd34408186e4bbccfd4996cb3dc -> 
  custom:container-muxer-webm: aa71ff27fc2769a1b78a27578f13a17b -> 
  custom:container-demuxer-webm: 4f35f7cbe854078d1ac9338744f61a02 -> 
  custom:container-demuxer-ogg: 62fdf1f143b41e24485cea50d1cbac27 -> 
  custom:video-encoder-webm-vp8: eb34c28f22e8b96e1ab97ce403110664 -> 
  custom:video-decoder-webm-vp8: 9c59270c3fd7afecdb556c50c9e8de78 -> 
  custom:audio-decoder-ogg-vorbis: bf7c407c2cedff20999df2af8eb42d56 -> 
  custom:audio-encoder-webm-vorbis: bf7c407c2cedff20999df2af8eb42d56 -> 
========================================================================
Received Prepare
Registering precompiled user dll's ...
Registered in 0.009476 seconds.
Begin MonoManager ReloadAssembly
Native extension for WindowsStandalone target not found
Refreshing native plugins compatible for Editor in 0.83 ms, found 2 plugins.
Preloading 0 native plugins for Editor in 0.00 ms.
Mono: successfully reloaded assembly
- Completed reload, in  3.669 seconds
Platform modules already initialized, skipping
Refreshing native plugins compatible for Editor in 0.92 ms, found 2 plugins.
Preloading 0 native plugins for Editor in 0.00 ms.
Unloading 1389 Unused Serialized files (Serialized files now loaded: 0)
System memory in use before: 68.4 MB.
System memory in use after: 68.5 MB.

Unloading 14 unused Assets to reduce memory usage. Loaded Objects now: 1894.
Total: 4.580300 ms (FindLiveObjects: 0.323500 ms CreateObjectMapping: 0.107800 ms MarkObjects: 4.019300 ms  DeleteObjects: 0.125700 ms)

AssetImportParameters requested are different than current active one (requested -> active):
  custom:framework-win-MediaFoundation: 216162199b28c13a410421893ffa2e32 -> 
  custom:video-decoder-ogg-theora: a1e56fd34408186e4bbccfd4996cb3dc -> 
  custom:container-muxer-webm: aa71ff27fc2769a1b78a27578f13a17b -> 
  custom:container-demuxer-webm: 4f35f7cbe854078d1ac9338744f61a02 -> 
  custom:container-demuxer-ogg: 62fdf1f143b41e24485cea50d1cbac27 -> 
  custom:video-encoder-webm-vp8: eb34c28f22e8b96e1ab97ce403110664 -> 
  custom:video-decoder-webm-vp8: 9c59270c3fd7afecdb556c50c9e8de78 -> 
  custom:audio-decoder-ogg-vorbis: bf7c407c2cedff20999df2af8eb42d56 -> 
  custom:audio-encoder-webm-vorbis: bf7c407c2cedff20999df2af8eb42d56 -> 
========================================================================
Received Prepare
Registering precompiled user dll's ...
Registered in 0.008590 seconds.
Begin MonoManager ReloadAssembly
Native extension for WindowsStandalone target not found
Refreshing native plugins compatible for Editor in 0.79 ms, found 2 plugins.
Preloading 0 native plugins for Editor in 0.00 ms.
Mono: successfully reloaded assembly
- Completed reload, in  2.318 seconds
Platform modules already initialized, skipping
Refreshing native plugins compatible for Editor in 0.77 ms, found 2 plugins.
Preloading 0 native plugins for Editor in 0.00 ms.
Unloading 1388 Unused Serialized files (Serialized files now loaded: 0)
System memory in use before: 68.4 MB.
System memory in use after: 68.4 MB.

Unloading 15 unused Assets to reduce memory usage. Loaded Objects now: 1896.
Total: 4.746900 ms (FindLiveObjects: 0.313700 ms CreateObjectMapping: 0.107500 ms MarkObjects: 4.161800 ms  DeleteObjects: 0.160400 ms)

AssetImportParameters requested are different than current active one (requested -> active):
  custom:framework-win-MediaFoundation: 216162199b28c13a410421893ffa2e32 -> 
  custom:video-decoder-ogg-theora: a1e56fd34408186e4bbccfd4996cb3dc -> 
  custom:container-muxer-webm: aa71ff27fc2769a1b78a27578f13a17b -> 
  custom:container-demuxer-webm: 4f35f7cbe854078d1ac9338744f61a02 -> 
  custom:container-demuxer-ogg: 62fdf1f143b41e24485cea50d1cbac27 -> 
  custom:video-encoder-webm-vp8: eb34c28f22e8b96e1ab97ce403110664 -> 
  custom:video-decoder-webm-vp8: 9c59270c3fd7afecdb556c50c9e8de78 -> 
  custom:audio-decoder-ogg-vorbis: bf7c407c2cedff20999df2af8eb42d56 -> 
  custom:audio-encoder-webm-vorbis: bf7c407c2cedff20999df2af8eb42d56 -> 
========================================================================
Received Import Request.
  Time since last request: 276.964515 seconds.
  path: Assets/Scripts/UnlockExit.cs
  artifactKey: Guid(91d203ca777d48b40a94caefff78e93d) Importer(815301076,1909f56bfc062723c751e8b465ee728b)
Start importing Assets/Scripts/UnlockExit.cs using Guid(91d203ca777d48b40a94caefff78e93d) Importer(815301076,1909f56bfc062723c751e8b465ee728b)  -> (artifact id: 'd6b913a21fa9169a6c85300fdb4b5b96') in 0.026900 seconds 
  Import took 0.033907 seconds .

========================================================================
Received Import Request.
  Time since last request: 0.064841 seconds.
  path: Assets/Scripts/UnlockExit.cs
  artifactKey: Guid(91d203ca777d48b40a94caefff78e93d) Importer(815301076,1909f56bfc062723c751e8b465ee728b)
Start importing Assets/Scripts/UnlockExit.cs using Guid(91d203ca777d48b40a94caefff78e93d) Importer(815301076,1909f56bfc062723c751e8b465ee728b)  -> (artifact id: 'd6b913a21fa9169a6c85300fdb4b5b96') in 0.017226 seconds 
  Import took 0.024788 seconds .

========================================================================
Received Prepare
Registering precompiled user dll's ...
Registered in 0.009881 seconds.
Begin MonoManager ReloadAssembly
Native extension for WindowsStandalone target not found
Refreshing native plugins compatible for Editor in 0.78 ms, found 2 plugins.
Preloading 0 native plugins for Editor in 0.00 ms.
Mono: successfully reloaded assembly
- Completed reload, in  2.838 seconds
Platform modules already initialized, skipping
Refreshing native plugins compatible for Editor in 1.10 ms, found 2 plugins.
Preloading 0 native plugins for Editor in 0.00 ms.
Unloading 1389 Unused Serialized files (Serialized files now loaded: 0)
System memory in use before: 68.4 MB.
System memory in use after: 68.5 MB.

Unloading 14 unused Assets to reduce memory usage. Loaded Objects now: 1900.
Total: 27.433600 ms (FindLiveObjects: 0.575200 ms CreateObjectMapping: 0.138600 ms MarkObjects: 26.579200 ms  DeleteObjects: 0.136500 ms)

AssetImportParameters requested are different than current active one (requested -> active):
  custom:framework-win-MediaFoundation: 216162199b28c13a410421893ffa2e32 -> 
  custom:video-decoder-ogg-theora: a1e56fd34408186e4bbccfd4996cb3dc -> 
  custom:container-muxer-webm: aa71ff27fc2769a1b78a27578f13a17b -> 
  custom:container-demuxer-webm: 4f35f7cbe854078d1ac9338744f61a02 -> 
  custom:container-demuxer-ogg: 62fdf1f143b41e24485cea50d1cbac27 -> 
  custom:video-encoder-webm-vp8: eb34c28f22e8b96e1ab97ce403110664 -> 
  custom:video-decoder-webm-vp8: 9c59270c3fd7afecdb556c50c9e8de78 -> 
  custom:audio-decoder-ogg-vorbis: bf7c407c2cedff20999df2af8eb42d56 -> 
  custom:audio-encoder-webm-vorbis: bf7c407c2cedff20999df2af8eb42d56 -> 
========================================================================
Received Prepare
Registering precompiled user dll's ...
Registered in 0.008715 seconds.
Begin MonoManager ReloadAssembly
Native extension for WindowsStandalone target not found
Refreshing native plugins compatible for Editor in 0.83 ms, found 2 plugins.
Preloading 0 native plugins for Editor in 0.00 ms.
Mono: successfully reloaded assembly
- Completed reload, in  2.325 seconds
Platform modules already initialized, skipping
Refreshing native plugins compatible for Editor in 0.79 ms, found 2 plugins.
Preloading 0 native plugins for Editor in 0.00 ms.
Unloading 1389 Unused Serialized files (Serialized files now loaded: 0)
System memory in use before: 68.4 MB.
System memory in use after: 68.5 MB.

Unloading 14 unused Assets to reduce memory usage. Loaded Objects now: 1903.
Total: 6.486600 ms (FindLiveObjects: 0.358900 ms CreateObjectMapping: 0.108300 ms MarkObjects: 5.889000 ms  DeleteObjects: 0.126400 ms)

AssetImportParameters requested are different than current active one (requested -> active):
  custom:framework-win-MediaFoundation: 216162199b28c13a410421893ffa2e32 -> 
  custom:video-decoder-ogg-theora: a1e56fd34408186e4bbccfd4996cb3dc -> 
  custom:container-muxer-webm: aa71ff27fc2769a1b78a27578f13a17b -> 
  custom:container-demuxer-webm: 4f35f7cbe854078d1ac9338744f61a02 -> 
  custom:container-demuxer-ogg: 62fdf1f143b41e24485cea50d1cbac27 -> 
  custom:video-encoder-webm-vp8: eb34c28f22e8b96e1ab97ce403110664 -> 
  custom:video-decoder-webm-vp8: 9c59270c3fd7afecdb556c50c9e8de78 -> 
  custom:audio-decoder-ogg-vorbis: bf7c407c2cedff20999df2af8eb42d56 -> 
  custom:audio-encoder-webm-vorbis: bf7c407c2cedff20999df2af8eb42d56 -> 
========================================================================
Received Import Request.
  Time since last request: 148.209497 seconds.
  path: Assets/Scripts/UnlockExit.cs
  artifactKey: Guid(91d203ca777d48b40a94caefff78e93d) Importer(815301076,1909f56bfc062723c751e8b465ee728b)
Start importing Assets/Scripts/UnlockExit.cs using Guid(91d203ca777d48b40a94caefff78e93d) Importer(815301076,1909f56bfc062723c751e8b465ee728b)  -> (artifact id: 'e411fdb660b6e9b71dd23d0d41518b00') in 0.009506 seconds 
  Import took 0.014621 seconds .

========================================================================
Received Prepare
Registering precompiled user dll's ...
Registered in 0.009494 seconds.
Begin MonoManager ReloadAssembly
Native extension for WindowsStandalone target not found
Refreshing native plugins compatible for Editor in 1.02 ms, found 2 plugins.
Preloading 0 native plugins for Editor in 0.00 ms.
Mono: successfully reloaded assembly
- Completed reload, in  2.395 seconds
Platform modules already initialized, skipping
Refreshing native plugins compatible for Editor in 0.84 ms, found 2 plugins.
Preloading 0 native plugins for Editor in 0.00 ms.
Unloading 1389 Unused Serialized files (Serialized files now loaded: 0)
System memory in use before: 68.4 MB.
System memory in use after: 68.5 MB.

Unloading 14 unused Assets to reduce memory usage. Loaded Objects now: 1906.
Total: 4.451900 ms (FindLiveObjects: 0.325400 ms CreateObjectMapping: 0.107400 ms MarkObjects: 3.894600 ms  DeleteObjects: 0.120700 ms)

AssetImportParameters requested are different than current active one (requested -> active):
  custom:framework-win-MediaFoundation: 216162199b28c13a410421893ffa2e32 -> 
  custom:video-decoder-ogg-theora: a1e56fd34408186e4bbccfd4996cb3dc -> 
  custom:container-muxer-webm: aa71ff27fc2769a1b78a27578f13a17b -> 
  custom:container-demuxer-webm: 4f35f7cbe854078d1ac9338744f61a02 -> 
  custom:container-demuxer-ogg: 62fdf1f143b41e24485cea50d1cbac27 -> 
  custom:video-encoder-webm-vp8: eb34c28f22e8b96e1ab97ce403110664 -> 
  custom:video-decoder-webm-vp8: 9c59270c3fd7afecdb556c50c9e8de78 -> 
  custom:audio-decoder-ogg-vorbis: bf7c407c2cedff20999df2af8eb42d56 -> 
  custom:audio-encoder-webm-vorbis: bf7c407c2cedff20999df2af8eb42d56 -> 
========================================================================
Received Prepare
Registering precompiled user dll's ...
Registered in 0.009117 seconds.
Begin MonoManager ReloadAssembly
Native extension for WindowsStandalone target not found
Refreshing native plugins compatible for Editor in 0.78 ms, found 2 plugins.
Preloading 0 native plugins for Editor in 0.00 ms.
Mono: successfully reloaded assembly
- Completed reload, in  2.490 seconds
Platform modules already initialized, skipping
Refreshing native plugins compatible for Editor in 0.83 ms, found 2 plugins.
Preloading 0 native plugins for Editor in 0.00 ms.
Unloading 1389 Unused Serialized files (Serialized files now loaded: 0)
System memory in use before: 68.4 MB.
System memory in use after: 68.5 MB.

Unloading 14 unused Assets to reduce memory usage. Loaded Objects now: 1909.
Total: 5.064200 ms (FindLiveObjects: 0.351300 ms CreateObjectMapping: 0.107800 ms MarkObjects: 4.480400 ms  DeleteObjects: 0.120800 ms)

AssetImportParameters requested are different than current active one (requested -> active):
  custom:framework-win-MediaFoundation: 216162199b28c13a410421893ffa2e32 -> 
  custom:video-decoder-ogg-theora: a1e56fd34408186e4bbccfd4996cb3dc -> 
  custom:container-muxer-webm: aa71ff27fc2769a1b78a27578f13a17b -> 
  custom:container-demuxer-webm: 4f35f7cbe854078d1ac9338744f61a02 -> 
  custom:container-demuxer-ogg: 62fdf1f143b41e24485cea50d1cbac27 -> 
  custom:video-encoder-webm-vp8: eb34c28f22e8b96e1ab97ce403110664 -> 
  custom:video-decoder-webm-vp8: 9c59270c3fd7afecdb556c50c9e8de78 -> 
  custom:audio-decoder-ogg-vorbis: bf7c407c2cedff20999df2af8eb42d56 -> 
  custom:audio-encoder-webm-vorbis: bf7c407c2cedff20999df2af8eb42d56 -> 
========================================================================
Received Import Request.
  Time since last request: 333.549912 seconds.
  path: Assets/Scripts/UnlockExit.cs
  artifactKey: Guid(91d203ca777d48b40a94caefff78e93d) Importer(815301076,1909f56bfc062723c751e8b465ee728b)
Start importing Assets/Scripts/UnlockExit.cs using Guid(91d203ca777d48b40a94caefff78e93d) Importer(815301076,1909f56bfc062723c751e8b465ee728b)  -> (artifact id: '50ce27fc8bf1404b6a7c1d42fbe5e289') in 0.013729 seconds 
  Import took 0.019685 seconds .

========================================================================
Received Prepare
Registering precompiled user dll's ...
Registered in 0.010204 seconds.
Begin MonoManager ReloadAssembly
Native extension for WindowsStandalone target not found
Refreshing native plugins compatible for Editor in 0.82 ms, found 2 plugins.
Preloading 0 native plugins for Editor in 0.00 ms.
Mono: successfully reloaded assembly
- Completed reload, in  2.455 seconds
Platform modules already initialized, skipping
Refreshing native plugins compatible for Editor in 0.82 ms, found 2 plugins.
Preloading 0 native plugins for Editor in 0.00 ms.
Unloading 1389 Unused Serialized files (Serialized files now loaded: 0)
System memory in use before: 68.4 MB.
System memory in use after: 68.5 MB.

Unloading 14 unused Assets to reduce memory usage. Loaded Objects now: 1912.
Total: 4.269500 ms (FindLiveObjects: 0.335200 ms CreateObjectMapping: 0.112900 ms MarkObjects: 3.687000 ms  DeleteObjects: 0.130700 ms)

AssetImportParameters requested are different than current active one (requested -> active):
  custom:framework-win-MediaFoundation: 216162199b28c13a410421893ffa2e32 -> 
  custom:video-decoder-ogg-theora: a1e56fd34408186e4bbccfd4996cb3dc -> 
  custom:container-muxer-webm: aa71ff27fc2769a1b78a27578f13a17b -> 
  custom:container-demuxer-webm: 4f35f7cbe854078d1ac9338744f61a02 -> 
  custom:container-demuxer-ogg: 62fdf1f143b41e24485cea50d1cbac27 -> 
  custom:video-encoder-webm-vp8: eb34c28f22e8b96e1ab97ce403110664 -> 
  custom:video-decoder-webm-vp8: 9c59270c3fd7afecdb556c50c9e8de78 -> 
  custom:audio-decoder-ogg-vorbis: bf7c407c2cedff20999df2af8eb42d56 -> 
  custom:audio-encoder-webm-vorbis: bf7c407c2cedff20999df2af8eb42d56 -> 
========================================================================
Received Prepare
Registering precompiled user dll's ...
Registered in 0.009238 seconds.
Begin MonoManager ReloadAssembly
Native extension for WindowsStandalone target not found
Refreshing native plugins compatible for Editor in 0.85 ms, found 2 plugins.
Preloading 0 native plugins for Editor in 0.00 ms.
Mono: successfully reloaded assembly
- Completed reload, in  3.073 seconds
Platform modules already initialized, skipping
Refreshing native plugins compatible for Editor in 0.89 ms, found 2 plugins.
Preloading 0 native plugins for Editor in 0.00 ms.
Unloading 1389 Unused Serialized files (Serialized files now loaded: 0)
System memory in use before: 68.4 MB.
System memory in use after: 68.5 MB.

Unloading 14 unused Assets to reduce memory usage. Loaded Objects now: 1915.
Total: 4.627600 ms (FindLiveObjects: 0.321800 ms CreateObjectMapping: 0.107800 ms MarkObjects: 4.071400 ms  DeleteObjects: 0.122400 ms)

AssetImportParameters requested are different than current active one (requested -> active):
  custom:framework-win-MediaFoundation: 216162199b28c13a410421893ffa2e32 -> 
  custom:video-decoder-ogg-theora: a1e56fd34408186e4bbccfd4996cb3dc -> 
  custom:container-muxer-webm: aa71ff27fc2769a1b78a27578f13a17b -> 
  custom:container-demuxer-webm: 4f35f7cbe854078d1ac9338744f61a02 -> 
  custom:container-demuxer-ogg: 62fdf1f143b41e24485cea50d1cbac27 -> 
  custom:video-encoder-webm-vp8: eb34c28f22e8b96e1ab97ce403110664 -> 
  custom:video-decoder-webm-vp8: 9c59270c3fd7afecdb556c50c9e8de78 -> 
  custom:audio-decoder-ogg-vorbis: bf7c407c2cedff20999df2af8eb42d56 -> 
  custom:audio-encoder-webm-vorbis: bf7c407c2cedff20999df2af8eb42d56 -> 
========================================================================
Received Prepare
Registering precompiled user dll's ...
Registered in 0.018355 seconds.
Begin MonoManager ReloadAssembly
Native extension for WindowsStandalone target not found
Refreshing native plugins compatible for Editor in 0.78 ms, found 2 plugins.
Preloading 0 native plugins for Editor in 0.00 ms.
Mono: successfully reloaded assembly
- Completed reload, in  2.363 seconds
Platform modules already initialized, skipping
Refreshing native plugins compatible for Editor in 0.82 ms, found 2 plugins.
Preloading 0 native plugins for Editor in 0.00 ms.
Unloading 1389 Unused Serialized files (Serialized files now loaded: 0)
System memory in use before: 68.4 MB.
System memory in use after: 68.5 MB.

Unloading 14 unused Assets to reduce memory usage. Loaded Objects now: 1918.
Total: 5.066700 ms (FindLiveObjects: 0.378400 ms CreateObjectMapping: 0.107600 ms MarkObjects: 4.458500 ms  DeleteObjects: 0.118400 ms)

AssetImportParameters requested are different than current active one (requested -> active):
  custom:framework-win-MediaFoundation: 216162199b28c13a410421893ffa2e32 -> 
  custom:video-decoder-ogg-theora: a1e56fd34408186e4bbccfd4996cb3dc -> 
  custom:container-muxer-webm: aa71ff27fc2769a1b78a27578f13a17b -> 
  custom:container-demuxer-webm: 4f35f7cbe854078d1ac9338744f61a02 -> 
  custom:container-demuxer-ogg: 62fdf1f143b41e24485cea50d1cbac27 -> 
  custom:video-encoder-webm-vp8: eb34c28f22e8b96e1ab97ce403110664 -> 
  custom:video-decoder-webm-vp8: 9c59270c3fd7afecdb556c50c9e8de78 -> 
  custom:audio-decoder-ogg-vorbis: bf7c407c2cedff20999df2af8eb42d56 -> 
  custom:audio-encoder-webm-vorbis: bf7c407c2cedff20999df2af8eb42d56 -> 
========================================================================
Received Prepare
Registering precompiled user dll's ...
Registered in 0.012261 seconds.
Begin MonoManager ReloadAssembly
Native extension for WindowsStandalone target not found
Refreshing native plugins compatible for Editor in 0.89 ms, found 2 plugins.
Preloading 0 native plugins for Editor in 0.00 ms.
Mono: successfully reloaded assembly
- Completed reload, in  2.279 seconds
Platform modules already initialized, skipping
Refreshing native plugins compatible for Editor in 0.78 ms, found 2 plugins.
Preloading 0 native plugins for Editor in 0.00 ms.
Unloading 1389 Unused Serialized files (Serialized files now loaded: 0)
System memory in use before: 68.4 MB.
System memory in use after: 68.5 MB.

Unloading 14 unused Assets to reduce memory usage. Loaded Objects now: 1921.
Total: 5.280200 ms (FindLiveObjects: 0.401300 ms CreateObjectMapping: 0.117700 ms MarkObjects: 4.640000 ms  DeleteObjects: 0.117300 ms)

AssetImportParameters requested are different than current active one (requested -> active):
  custom:framework-win-MediaFoundation: 216162199b28c13a410421893ffa2e32 -> 
  custom:video-decoder-ogg-theora: a1e56fd34408186e4bbccfd4996cb3dc -> 
  custom:container-muxer-webm: aa71ff27fc2769a1b78a27578f13a17b -> 
  custom:container-demuxer-webm: 4f35f7cbe854078d1ac9338744f61a02 -> 
  custom:container-demuxer-ogg: 62fdf1f143b41e24485cea50d1cbac27 -> 
  custom:video-encoder-webm-vp8: eb34c28f22e8b96e1ab97ce403110664 -> 
  custom:video-decoder-webm-vp8: 9c59270c3fd7afecdb556c50c9e8de78 -> 
  custom:audio-decoder-ogg-vorbis: bf7c407c2cedff20999df2af8eb42d56 -> 
  custom:audio-encoder-webm-vorbis: bf7c407c2cedff20999df2af8eb42d56 -> 
========================================================================
Received Prepare
Registering precompiled user dll's ...
Registered in 0.009157 seconds.
Begin MonoManager ReloadAssembly
Native extension for WindowsStandalone target not found
Refreshing native plugins compatible for Editor in 0.86 ms, found 2 plugins.
Preloading 0 native plugins for Editor in 0.00 ms.
Mono: successfully reloaded assembly
- Completed reload, in  2.305 seconds
Platform modules already initialized, skipping
Refreshing native plugins compatible for Editor in 0.77 ms, found 2 plugins.
Preloading 0 native plugins for Editor in 0.00 ms.
Unloading 1389 Unused Serialized files (Serialized files now loaded: 0)
System memory in use before: 68.4 MB.
System memory in use after: 68.5 MB.

Unloading 14 unused Assets to reduce memory usage. Loaded Objects now: 1924.
Total: 4.409300 ms (FindLiveObjects: 0.329800 ms CreateObjectMapping: 0.129600 ms MarkObjects: 3.815800 ms  DeleteObjects: 0.130400 ms)

AssetImportParameters requested are different than current active one (requested -> active):
  custom:framework-win-MediaFoundation: 216162199b28c13a410421893ffa2e32 -> 
  custom:video-decoder-ogg-theora: a1e56fd34408186e4bbccfd4996cb3dc -> 
  custom:container-muxer-webm: aa71ff27fc2769a1b78a27578f13a17b -> 
  custom:container-demuxer-webm: 4f35f7cbe854078d1ac9338744f61a02 -> 
  custom:container-demuxer-ogg: 62fdf1f143b41e24485cea50d1cbac27 -> 
  custom:video-encoder-webm-vp8: eb34c28f22e8b96e1ab97ce403110664 -> 
  custom:video-decoder-webm-vp8: 9c59270c3fd7afecdb556c50c9e8de78 -> 
  custom:audio-decoder-ogg-vorbis: bf7c407c2cedff20999df2af8eb42d56 -> 
  custom:audio-encoder-webm-vorbis: bf7c407c2cedff20999df2af8eb42d56 -> 
========================================================================
Received Import Request.
  Time since last request: 307.065694 seconds.
  path: Assets/Scripts/UnlockExit.cs
  artifactKey: Guid(91d203ca777d48b40a94caefff78e93d) Importer(815301076,1909f56bfc062723c751e8b465ee728b)
Start importing Assets/Scripts/UnlockExit.cs using Guid(91d203ca777d48b40a94caefff78e93d) Importer(815301076,1909f56bfc062723c751e8b465ee728b)  -> (artifact id: 'a5674167de10e14b47f1ee54f9fa4d98') in 0.020242 seconds 
  Import took 0.026677 seconds .

========================================================================
Received Prepare
Registering precompiled user dll's ...
Registered in 0.010216 seconds.
Begin MonoManager ReloadAssembly
Native extension for WindowsStandalone target not found
Refreshing native plugins compatible for Editor in 0.79 ms, found 2 plugins.
Preloading 0 native plugins for Editor in 0.00 ms.
Mono: successfully reloaded assembly
- Completed reload, in  2.430 seconds
Platform modules already initialized, skipping
Refreshing native plugins compatible for Editor in 1.42 ms, found 2 plugins.
Preloading 0 native plugins for Editor in 0.00 ms.
Unloading 1389 Unused Serialized files (Serialized files now loaded: 0)
System memory in use before: 68.4 MB.
System memory in use after: 68.5 MB.

Unloading 14 unused Assets to reduce memory usage. Loaded Objects now: 1927.
Total: 5.088300 ms (FindLiveObjects: 0.329000 ms CreateObjectMapping: 0.144000 ms MarkObjects: 4.484100 ms  DeleteObjects: 0.127200 ms)

AssetImportParameters requested are different than current active one (requested -> active):
  custom:framework-win-MediaFoundation: 216162199b28c13a410421893ffa2e32 -> 
  custom:video-decoder-ogg-theora: a1e56fd34408186e4bbccfd4996cb3dc -> 
  custom:container-muxer-webm: aa71ff27fc2769a1b78a27578f13a17b -> 
  custom:container-demuxer-webm: 4f35f7cbe854078d1ac9338744f61a02 -> 
  custom:container-demuxer-ogg: 62fdf1f143b41e24485cea50d1cbac27 -> 
  custom:video-encoder-webm-vp8: eb34c28f22e8b96e1ab97ce403110664 -> 
  custom:video-decoder-webm-vp8: 9c59270c3fd7afecdb556c50c9e8de78 -> 
  custom:audio-decoder-ogg-vorbis: bf7c407c2cedff20999df2af8eb42d56 -> 
  custom:audio-encoder-webm-vorbis: bf7c407c2cedff20999df2af8eb42d56 -> 
========================================================================
Received Import Request.
  Time since last request: 76.826234 seconds.
  path: Assets/Prefabs/CFX_MagicPoof.prefab
  artifactKey: Guid(3265c07d5c8b9064792b752e584fbe35) Importer(815301076,1909f56bfc062723c751e8b465ee728b)
Start importing Assets/Prefabs/CFX_MagicPoof.prefab using Guid(3265c07d5c8b9064792b752e584fbe35) Importer(815301076,1909f56bfc062723c751e8b465ee728b)  -> (artifact id: 'a83f623dd5f635b1668eed0295fb5204') in 0.086861 seconds 
  Import took 0.094563 seconds .

========================================================================
Received Import Request.
  Time since last request: 0.000602 seconds.
  path: Assets/Prefabs/gem.prefab
  artifactKey: Guid(050efd230c4094246b4f2c6039b362e7) Importer(815301076,1909f56bfc062723c751e8b465ee728b)
Start importing Assets/Prefabs/gem.prefab using Guid(050efd230c4094246b4f2c6039b362e7) Importer(815301076,1909f56bfc062723c751e8b465ee728b)  -> (artifact id: '22fe365d09f0ea5a1fbc1ca248e69245') in 0.026034 seconds 
  Import took 0.031996 seconds .

========================================================================
Received Import Request.
  Time since last request: 0.366252 seconds.
  path: Assets/Models/castleTurret.fbx
  artifactKey: Guid(863bc32fd25b7a245aeed002aba5b844) Importer(815301076,1909f56bfc062723c751e8b465ee728b)
Start importing Assets/Models/castleTurret.fbx using Guid(863bc32fd25b7a245aeed002aba5b844) Importer(815301076,1909f56bfc062723c751e8b465ee728b)  -> (artifact id: '7c6db37ea720f1b40a6426a7ea6eb202') in 1.096042 seconds 
  Import took 1.101967 seconds .

========================================================================
Received Import Request.
  Time since last request: 0.000435 seconds.
  path: Assets/Animations/Codey@idelPose.fbx
  artifactKey: Guid(e6ee5e2b4f423f84c8b0e4a087bed79b) Importer(815301076,1909f56bfc062723c751e8b465ee728b)
Start importing Assets/Animations/Codey@idelPose.fbx using Guid(e6ee5e2b4f423f84c8b0e4a087bed79b) Importer(815301076,1909f56bfc062723c751e8b465ee728b)  -> (artifact id: 'c08cb2dabe6743ecd52d86d6080f3107') in 0.044460 seconds 
  Import took 0.050916 seconds .

========================================================================
Received Import Request.
  Time since last request: 0.000455 seconds.
  path: Assets/Models/castleWall-middle.fbx
  artifactKey: Guid(e57d1c60b513e664d9d93a5aa8fc5473) Importer(815301076,1909f56bfc062723c751e8b465ee728b)
Start importing Assets/Models/castleWall-middle.fbx using Guid(e57d1c60b513e664d9d93a5aa8fc5473) Importer(815301076,1909f56bfc062723c751e8b465ee728b)  -> (artifact id: '3faea32fe542c39e112ab0b942019c14') in 0.180072 seconds 
  Import took 0.185518 seconds .

========================================================================
Received Import Request.
  Time since last request: 0.000421 seconds.
  path: Assets/Models/coin.fbx
  artifactKey: Guid(0b09329add2288e46af3ab00bb4d1cc2) Importer(815301076,1909f56bfc062723c751e8b465ee728b)
Start importing Assets/Models/coin.fbx using Guid(0b09329add2288e46af3ab00bb4d1cc2) Importer(815301076,1909f56bfc062723c751e8b465ee728b)  -> (artifact id: '8831573d7400351ddb58179454307f5d') in 0.074650 seconds 
  Import took 0.080612 seconds .

========================================================================
Received Import Request.
  Time since last request: 0.000506 seconds.
  path: Assets/Animations/Codey@run.fbx
  artifactKey: Guid(c22be356be1efd3488ac6e73d74190b0) Importer(815301076,1909f56bfc062723c751e8b465ee728b)
Start importing Assets/Animations/Codey@run.fbx using Guid(c22be356be1efd3488ac6e73d74190b0) Importer(815301076,1909f56bfc062723c751e8b465ee728b)  -> (artifact id: '1ce0603f29f4004a474cb4b263efc224') in 0.050697 seconds 
  Import took 0.058562 seconds .

========================================================================
Received Import Request.
  Time since last request: 0.000502 seconds.
  path: Assets/Models/castleWall-short.fbx
  artifactKey: Guid(1a3e3b7e3e65ab74b85d4b467c829b59) Importer(815301076,1909f56bfc062723c751e8b465ee728b)
Start importing Assets/Models/castleWall-short.fbx using Guid(1a3e3b7e3e65ab74b85d4b467c829b59) Importer(815301076,1909f56bfc062723c751e8b465ee728b)  -> (artifact id: 'd0eb14727ee540477a8847b201d575cc') in 0.182018 seconds 
  Import took 0.187715 seconds .

========================================================================
Received Import Request.
  Time since last request: 0.000432 seconds.
  path: Assets/Models/Codey.fbx
  artifactKey: Guid(a656d097d5ac93b4cabeb8a33bbe1bca) Importer(815301076,1909f56bfc062723c751e8b465ee728b)
Start importing Assets/Models/Codey.fbx using Guid(a656d097d5ac93b4cabeb8a33bbe1bca) Importer(815301076,1909f56bfc062723c751e8b465ee728b)  -> (artifact id: '9b12281ab61e522ad14d42cd7c75af3f') in 0.291471 seconds 
  Import took 0.297314 seconds .

========================================================================
Received Import Request.
  Time since last request: 0.000467 seconds.
  path: Assets/Models/castleWall-long.fbx
  artifactKey: Guid(c15aea4a3030755499caa82746d6cb46) Importer(815301076,1909f56bfc062723c751e8b465ee728b)
Start importing Assets/Models/castleWall-long.fbx using Guid(c15aea4a3030755499caa82746d6cb46) Importer(815301076,1909f56bfc062723c751e8b465ee728b)  -> (artifact id: '84a9e8ed01c1ab49ad9663b1bb922f53') in 0.736952 seconds 
  Import took 0.741744 seconds .

========================================================================
Received Import Request.
  Time since last request: 4.690404 seconds.
  path: Assets/Materials/blocks.png
  artifactKey: Guid(5d1930178b18e3d40a86dfbc72c6dbb5) Importer(815301076,1909f56bfc062723c751e8b465ee728b)
Start importing Assets/Materials/blocks.png using Guid(5d1930178b18e3d40a86dfbc72c6dbb5) Importer(815301076,1909f56bfc062723c751e8b465ee728b)  -> (artifact id: '7c0497a57a8b5bd63fdb5fd74d734b22') in 0.104137 seconds 
  Import took 0.110905 seconds .

========================================================================
Received Import Request.
  Time since last request: 0.000798 seconds.
  path: Assets/Materials/Coin.mat
  artifactKey: Guid(9bfa90ca525224048ac7a0384f83dd6d) Importer(815301076,1909f56bfc062723c751e8b465ee728b)
Start importing Assets/Materials/Coin.mat using Guid(9bfa90ca525224048ac7a0384f83dd6d) Importer(815301076,1909f56bfc062723c751e8b465ee728b)  -> (artifact id: '47ff1984610629e3c2778b5899435b83') in 0.223769 seconds 
  Import took 0.228398 seconds .

========================================================================
Received Import Request.
  Time since last request: 0.000624 seconds.
  path: Assets/Materials/wood.mat
  artifactKey: Guid(9fc950930f212e748ab51c2e5c999f9d) Importer(815301076,1909f56bfc062723c751e8b465ee728b)
Start importing Assets/Materials/wood.mat using Guid(9fc950930f212e748ab51c2e5c999f9d) Importer(815301076,1909f56bfc062723c751e8b465ee728b)  -> (artifact id: 'c3aa4f6275b907005b310e132eb98739') in 0.088322 seconds 
  Import took 0.095464 seconds .

========================================================================
Received Import Request.
  Time since last request: 0.000255 seconds.
  path: Assets/Materials/Sky.mat
  artifactKey: Guid(a3efd15c37e1c4e4fb847f133d23d06d) Importer(815301076,1909f56bfc062723c751e8b465ee728b)
Start importing Assets/Materials/Sky.mat using Guid(a3efd15c37e1c4e4fb847f133d23d06d) Importer(815301076,1909f56bfc062723c751e8b465ee728b)  -> (artifact id: 'f920b9f9cad1e51fc89357f2553f0900') in 0.134464 seconds 
  Import took 0.141643 seconds .

========================================================================
Received Import Request.
  Time since last request: 0.000636 seconds.
  path: Assets/Materials/brick.mat
  artifactKey: Guid(7c9be04cfc1f1404eab96470a123529b) Importer(815301076,1909f56bfc062723c751e8b465ee728b)
Start importing Assets/Materials/brick.mat using Guid(7c9be04cfc1f1404eab96470a123529b) Importer(815301076,1909f56bfc062723c751e8b465ee728b)  -> (artifact id: '945cdfde937b7e6504b8e02cd389cca5') in 0.082015 seconds 
  Import took 0.088004 seconds .

========================================================================
Received Import Request.
  Time since last request: 0.000422 seconds.
  path: Assets/Materials/Codey.mat
  artifactKey: Guid(21f49ebcdc6a517468f34e74c0c814d0) Importer(815301076,1909f56bfc062723c751e8b465ee728b)
Start importing Assets/Materials/Codey.mat using Guid(21f49ebcdc6a517468f34e74c0c814d0) Importer(815301076,1909f56bfc062723c751e8b465ee728b)  -> (artifact id: '8b344cda76b6e793832e5eb2c4d63d84') in 0.088997 seconds 
  Import took 0.094810 seconds .

========================================================================
Received Import Request.
  Time since last request: 0.000490 seconds.
  path: Assets/Materials/grass.mat
  artifactKey: Guid(31ff13618ed5b9f4985d2505d3921702) Importer(815301076,1909f56bfc062723c751e8b465ee728b)
Start importing Assets/Materials/grass.mat using Guid(31ff13618ed5b9f4985d2505d3921702) Importer(815301076,1909f56bfc062723c751e8b465ee728b)  -> (artifact id: '37a050465a67579e37ec34b47cb070b3') in 0.137061 seconds 
  Import took 0.142546 seconds .

========================================================================
Received Import Request.
  Time since last request: 0.000396 seconds.
  path: Assets/Materials/Grass.png
  artifactKey: Guid(3c1035af8075ff34bb1e8020eb178a79) Importer(815301076,1909f56bfc062723c751e8b465ee728b)
Start importing Assets/Materials/Grass.png using Guid(3c1035af8075ff34bb1e8020eb178a79) Importer(815301076,1909f56bfc062723c751e8b465ee728b)  -> (artifact id: '05e266637d84bb6165f7a93f8a76d9b9') in 0.046792 seconds 
  Import took 0.052524 seconds .

========================================================================
Received Import Request.
  Time since last request: 0.000500 seconds.
  path: Assets/Materials/woodPanelText-test.png
  artifactKey: Guid(2980ae0c108130a438052b5b11da1292) Importer(815301076,1909f56bfc062723c751e8b465ee728b)
Start importing Assets/Materials/woodPanelText-test.png using Guid(2980ae0c108130a438052b5b11da1292) Importer(815301076,1909f56bfc062723c751e8b465ee728b)  -> (artifact id: '4f344566f17faa2673b1651c4a907ec8') in 0.043793 seconds 
  Import took 0.052855 seconds .

========================================================================
Received Import Request.
  Time since last request: 0.000489 seconds.
  path: Assets/Materials/sandstone.png
  artifactKey: Guid(2eb7abf283a54614d995d4fe1c533575) Importer(815301076,1909f56bfc062723c751e8b465ee728b)
Start importing Assets/Materials/sandstone.png using Guid(2eb7abf283a54614d995d4fe1c533575) Importer(815301076,1909f56bfc062723c751e8b465ee728b)  -> (artifact id: '0c5fcede848c7ca8c0a7aa16d66ef383') in 0.094837 seconds 
  Import took 0.100666 seconds .

========================================================================
Received Import Request.
  Time since last request: 0.000569 seconds.
  path: Assets/Materials/CodeyTexture.jpg
  artifactKey: Guid(b3b0e444b4e2b1342a1ba4615b0b97fa) Importer(815301076,1909f56bfc062723c751e8b465ee728b)
Start importing Assets/Materials/CodeyTexture.jpg using Guid(b3b0e444b4e2b1342a1ba4615b0b97fa) Importer(815301076,1909f56bfc062723c751e8b465ee728b)  -> (artifact id: 'eb81075c3bb4b73c831190961524a56f') in 0.078201 seconds 
  Import took 0.085223 seconds .

========================================================================
Received Import Request.
  Time since last request: 0.000510 seconds.
  path: Assets/Materials/sandstone.mat
  artifactKey: Guid(cbb0d6e64be7e194ba35d276d7113443) Importer(815301076,1909f56bfc062723c751e8b465ee728b)
Start importing Assets/Materials/sandstone.mat using Guid(cbb0d6e64be7e194ba35d276d7113443) Importer(815301076,1909f56bfc062723c751e8b465ee728b)  -> (artifact id: 'bf6a2ef9778d645b1d911adbf6cf7654') in 0.082830 seconds 
  Import took 0.089715 seconds .

========================================================================
Received Prepare
Registering precompiled user dll's ...
Registered in 0.019539 seconds.
Begin MonoManager ReloadAssembly
Native extension for WindowsStandalone target not found
Refreshing native plugins compatible for Editor in 0.79 ms, found 2 plugins.
Preloading 0 native plugins for Editor in 0.00 ms.
Mono: successfully reloaded assembly
- Completed reload, in  2.196 seconds
Platform modules already initialized, skipping
Refreshing native plugins compatible for Editor in 0.76 ms, found 2 plugins.
Preloading 0 native plugins for Editor in 0.00 ms.
Unloading 1389 Unused Serialized files (Serialized files now loaded: 0)
System memory in use before: 69.0 MB.
System memory in use after: 69.1 MB.

Unloading 15 unused Assets to reduce memory usage. Loaded Objects now: 1936.
Total: 7.987200 ms (FindLiveObjects: 0.878400 ms CreateObjectMapping: 0.204700 ms MarkObjects: 6.734200 ms  DeleteObjects: 0.165200 ms)

AssetImportParameters requested are different than current active one (requested -> active):
  custom:framework-win-MediaFoundation: 216162199b28c13a410421893ffa2e32 -> 
  custom:video-decoder-ogg-theora: a1e56fd34408186e4bbccfd4996cb3dc -> 
  custom:container-muxer-webm: aa71ff27fc2769a1b78a27578f13a17b -> 
  custom:container-demuxer-webm: 4f35f7cbe854078d1ac9338744f61a02 -> 
  custom:container-demuxer-ogg: 62fdf1f143b41e24485cea50d1cbac27 -> 
  custom:video-encoder-webm-vp8: eb34c28f22e8b96e1ab97ce403110664 -> 
  custom:video-decoder-webm-vp8: 9c59270c3fd7afecdb556c50c9e8de78 -> 
  custom:audio-decoder-ogg-vorbis: bf7c407c2cedff20999df2af8eb42d56 -> 
  custom:audio-encoder-webm-vorbis: bf7c407c2cedff20999df2af8eb42d56 -> 
========================================================================
Received Import Request.
  Time since last request: 189.474063 seconds.
  path: Assets/Scenes
  artifactKey: Guid(b0d84e13841ac784a8e49008cb84e6ba) Importer(815301076,1909f56bfc062723c751e8b465ee728b)
Start importing Assets/Scenes using Guid(b0d84e13841ac784a8e49008cb84e6ba) Importer(815301076,1909f56bfc062723c751e8b465ee728b)  -> (artifact id: 'e007dfe53d3b474eafd65097f730fd10') in 0.023684 seconds 
  Import took 0.029546 seconds .

========================================================================
Received Import Request.
  Time since last request: 0.007079 seconds.
  path: Assets/FX/JMO Assets/Materials/CFX_Star Add.mat
  artifactKey: Guid(28bd8c3c14d3f214da37557b91e0fa5d) Importer(815301076,1909f56bfc062723c751e8b465ee728b)
Start importing Assets/FX/JMO Assets/Materials/CFX_Star Add.mat using Guid(28bd8c3c14d3f214da37557b91e0fa5d) Importer(815301076,1909f56bfc062723c751e8b465ee728b)  -> (artifact id: '26516f566d3fcdabf629423d770f360f') in 0.197612 seconds 
  Import took 0.202584 seconds .

========================================================================
Received Import Request.
  Time since last request: 0.009751 seconds.
  path: Assets/Scripts/PlayerMovement.cs
  artifactKey: Guid(1120089896e2ea74cacec8cefe876c0e) Importer(815301076,1909f56bfc062723c751e8b465ee728b)
Start importing Assets/Scripts/PlayerMovement.cs using Guid(1120089896e2ea74cacec8cefe876c0e) Importer(815301076,1909f56bfc062723c751e8b465ee728b)  -> (artifact id: 'f6f12ba7ada2dfbbbc6a28dd6bdb1a94') in 0.015428 seconds 
  Import took 0.020902 seconds .

========================================================================
Received Import Request.
  Time since last request: 0.026280 seconds.
  path: Assets/Prefabs
  artifactKey: Guid(3ec49ee9e35fa2b4cbf41c270b2d2db5) Importer(815301076,1909f56bfc062723c751e8b465ee728b)
Start importing Assets/Prefabs using Guid(3ec49ee9e35fa2b4cbf41c270b2d2db5) Importer(815301076,1909f56bfc062723c751e8b465ee728b)  -> (artifact id: 'f363a766e4ea3976f47800d5f93812ee') in 0.016460 seconds 
  Import took 0.022756 seconds .

========================================================================
Received Import Request.
  Time since last request: 0.014980 seconds.
  path: Assets/Models
  artifactKey: Guid(5e44e8b7909f9094b88eafb033aa6269) Importer(815301076,1909f56bfc062723c751e8b465ee728b)
Start importing Assets/Models using Guid(5e44e8b7909f9094b88eafb033aa6269) Importer(815301076,1909f56bfc062723c751e8b465ee728b)  -> (artifact id: 'c00a14efd33ebc78ecb3fdb9f20aa1b2') in 0.015415 seconds 
  Import took 0.020423 seconds .

========================================================================
Received Import Request.
  Time since last request: 0.058025 seconds.
  path: Assets/FX/JMO Assets/Materials/Textures/CFX_T_Anim4_RoundedLines.png
  artifactKey: Guid(7987b6791dff098469332588914e2c84) Importer(815301076,1909f56bfc062723c751e8b465ee728b)
Start importing Assets/FX/JMO Assets/Materials/Textures/CFX_T_Anim4_RoundedLines.png using Guid(7987b6791dff098469332588914e2c84) Importer(815301076,1909f56bfc062723c751e8b465ee728b)  -> (artifact id: '604ae5f6b994c25bd65ddab237d440a9') in 0.049954 seconds 
  Import took 0.055968 seconds .

========================================================================
Received Import Request.
  Time since last request: 0.043741 seconds.
  path: Assets/FX/JMO Assets/Materials/Textures/CFX_T_Star.tga
  artifactKey: Guid(95b22be2b746dff46a95032d1620aae1) Importer(815301076,1909f56bfc062723c751e8b465ee728b)
Start importing Assets/FX/JMO Assets/Materials/Textures/CFX_T_Star.tga using Guid(95b22be2b746dff46a95032d1620aae1) Importer(815301076,1909f56bfc062723c751e8b465ee728b)  -> (artifact id: '5dddc134e77a08d28fbcc4f9c4dddee2') in 0.031309 seconds 
  Import took 0.037063 seconds .

========================================================================
Received Import Request.
  Time since last request: 0.005809 seconds.
  path: Assets/FX/JMO Assets
  artifactKey: Guid(794f2779a2e674f4f854bb41b18ddfc0) Importer(815301076,1909f56bfc062723c751e8b465ee728b)
Start importing Assets/FX/JMO Assets using Guid(794f2779a2e674f4f854bb41b18ddfc0) Importer(815301076,1909f56bfc062723c751e8b465ee728b)  -> (artifact id: 'b680788606b1a9e38281844a8e40130c') in 0.014552 seconds 
  Import took 0.020502 seconds .

========================================================================
Received Import Request.
  Time since last request: 0.007051 seconds.
  path: Assets/Animations/CodyController.controller
  artifactKey: Guid(61bdb146442ca6943aa108c656c556ff) Importer(815301076,1909f56bfc062723c751e8b465ee728b)
Start importing Assets/Animations/CodyController.controller using Guid(61bdb146442ca6943aa108c656c556ff) Importer(815301076,1909f56bfc062723c751e8b465ee728b)  -> (artifact id: '50e6b2ec17d936adf84fc0aa6f4c351f') in 0.027386 seconds 
  Import took 0.032869 seconds .

========================================================================
Received Import Request.
  Time since last request: 0.004692 seconds.
  path: Assets/Animations
  artifactKey: Guid(1aee99c9d6bfe5e4e88655bbc7f8619a) Importer(815301076,1909f56bfc062723c751e8b465ee728b)
Start importing Assets/Animations using Guid(1aee99c9d6bfe5e4e88655bbc7f8619a) Importer(815301076,1909f56bfc062723c751e8b465ee728b)  -> (artifact id: '519beb2149eddbfce73d0d3807c549bd') in 0.015155 seconds 
  Import took 0.021537 seconds .

========================================================================
Received Import Request.
  Time since last request: 0.007370 seconds.
  path: Assets/FX/JMO Assets/Materials/CFX_Anim_Poof_AddSoft.mat
  artifactKey: Guid(74a6f6cd13c058a43858627e5383715e) Importer(815301076,1909f56bfc062723c751e8b465ee728b)
Start importing Assets/FX/JMO Assets/Materials/CFX_Anim_Poof_AddSoft.mat using Guid(74a6f6cd13c058a43858627e5383715e) Importer(815301076,1909f56bfc062723c751e8b465ee728b)  -> (artifact id: 'cfe00119a33b9596ed1e49519db9ffe5') in 0.083749 seconds 
  Import took 0.089666 seconds .

========================================================================
Received Import Request.
  Time since last request: 0.030182 seconds.
  path: Assets/FX
  artifactKey: Guid(050b89438619ab147a8c3ebe0aaec055) Importer(815301076,1909f56bfc062723c751e8b465ee728b)
Start importing Assets/FX using Guid(050b89438619ab147a8c3ebe0aaec055) Importer(815301076,1909f56bfc062723c751e8b465ee728b)  -> (artifact id: '89b801e672450d4e960bff1de83d948b') in 0.017594 seconds 
  Import took 0.023234 seconds .

========================================================================
Received Import Request.
  Time since last request: 0.005162 seconds.
  path: Assets/FX/JMO Assets/Materials
  artifactKey: Guid(1b2e8b4034e02a44fa55a6d381d7d2f9) Importer(815301076,1909f56bfc062723c751e8b465ee728b)
Start importing Assets/FX/JMO Assets/Materials using Guid(1b2e8b4034e02a44fa55a6d381d7d2f9) Importer(815301076,1909f56bfc062723c751e8b465ee728b)  -> (artifact id: '76e89f38d48a08ece8706fdbbf5ba345') in 0.014914 seconds 
  Import took 0.020976 seconds .

========================================================================
Received Import Request.
  Time since last request: 0.012459 seconds.
  path: Assets/FX/JMO Assets/Materials/Textures/CFX_T_Smoke_4Frames.tga
  artifactKey: Guid(3d70761f9ae377945a3aad2a3936df5e) Importer(815301076,1909f56bfc062723c751e8b465ee728b)
Start importing Assets/FX/JMO Assets/Materials/Textures/CFX_T_Smoke_4Frames.tga using Guid(3d70761f9ae377945a3aad2a3936df5e) Importer(815301076,1909f56bfc062723c751e8b465ee728b)  -> (artifact id: 'e908df3c9d2dcd1b64ddd7cdfbd3e0ad') in 0.025485 seconds 
  Import took 0.030537 seconds .

========================================================================
Received Import Request.
  Time since last request: 0.021197 seconds.
  path: Assets/Scripts/Animation.cs
  artifactKey: Guid(a67102701437a7d40a6211c9bd178167) Importer(815301076,1909f56bfc062723c751e8b465ee728b)
Start importing Assets/Scripts/Animation.cs using Guid(a67102701437a7d40a6211c9bd178167) Importer(815301076,1909f56bfc062723c751e8b465ee728b)  -> (artifact id: '60827f2c0c99e7e0b595e95536684bd2') in 0.016531 seconds 
  Import took 0.022436 seconds .

========================================================================
Received Import Request.
  Time since last request: 0.007219 seconds.
  path: Assets/FX/JMO Assets/Materials/CFX_YellowStar.mat
  artifactKey: Guid(26c880ce3c053d04982d2c8e435fdb95) Importer(815301076,1909f56bfc062723c751e8b465ee728b)
Start importing Assets/FX/JMO Assets/Materials/CFX_YellowStar.mat using Guid(26c880ce3c053d04982d2c8e435fdb95) Importer(815301076,1909f56bfc062723c751e8b465ee728b)  -> (artifact id: '7660257a993cad8d9b7a1db76a4d785a') in 0.028079 seconds 
  Import took 0.033067 seconds .

========================================================================
Received Import Request.
  Time since last request: 0.047326 seconds.
  path: Assets/Scripts/Spin.cs
  artifactKey: Guid(d77aeb367eb084c4b8b7031ce7297529) Importer(815301076,1909f56bfc062723c751e8b465ee728b)
Start importing Assets/Scripts/Spin.cs using Guid(d77aeb367eb084c4b8b7031ce7297529) Importer(815301076,1909f56bfc062723c751e8b465ee728b)  -> (artifact id: '400fb160b266f13722e62ae4502f760d') in 0.019400 seconds 
  Import took 0.025349 seconds .

========================================================================
Received Import Request.
  Time since last request: 0.012162 seconds.
  path: Assets/FX/JMO Assets/CFX_MagicPoof.prefab
  artifactKey: Guid(a40b64bf23366dc42a892af2c6ff6140) Importer(815301076,1909f56bfc062723c751e8b465ee728b)
Start importing Assets/FX/JMO Assets/CFX_MagicPoof.prefab using Guid(a40b64bf23366dc42a892af2c6ff6140) Importer(815301076,1909f56bfc062723c751e8b465ee728b)  -> (artifact id: '6caf5df15c990192d4148a43e3b39c73') in 0.028109 seconds 
  Import took 0.034905 seconds .

========================================================================
Received Import Request.
  Time since last request: 0.012335 seconds.
  path: Assets/Materials
  artifactKey: Guid(4842b02c7e7ca7a4a863002e79edec03) Importer(815301076,1909f56bfc062723c751e8b465ee728b)
Start importing Assets/Materials using Guid(4842b02c7e7ca7a4a863002e79edec03) Importer(815301076,1909f56bfc062723c751e8b465ee728b)  -> (artifact id: '3b98f8c45b68eb8af150cefd4741088c') in 0.005750 seconds 
  Import took 0.011413 seconds .

========================================================================
Received Import Request.
  Time since last request: 0.008160 seconds.
  path: Assets/Scripts/EndGame.cs
  artifactKey: Guid(cce201df2863c484699a245f108f7cd1) Importer(815301076,1909f56bfc062723c751e8b465ee728b)
Start importing Assets/Scripts/EndGame.cs using Guid(cce201df2863c484699a245f108f7cd1) Importer(815301076,1909f56bfc062723c751e8b465ee728b)  -> (artifact id: 'c44722cc74cd8471888cf99786ae4037') in 0.015310 seconds 
  Import took 0.022390 seconds .

========================================================================
Received Import Request.
  Time since last request: 0.007836 seconds.
  path: Assets/Scripts/PlayerRotate.cs
  artifactKey: Guid(9995dadd18a4c1c4f9eef0c156198881) Importer(815301076,1909f56bfc062723c751e8b465ee728b)
Start importing Assets/Scripts/PlayerRotate.cs using Guid(9995dadd18a4c1c4f9eef0c156198881) Importer(815301076,1909f56bfc062723c751e8b465ee728b)  -> (artifact id: '3377cd26909fc076549c515405a356d5') in 0.015435 seconds 
  Import took 0.021025 seconds .

========================================================================
Received Import Request.
  Time since last request: 0.004848 seconds.
  path: Assets/FX/JMO Assets/Materials/Textures
  artifactKey: Guid(be11574018eb9cc4882e2d9ddb8c7926) Importer(815301076,1909f56bfc062723c751e8b465ee728b)
Start importing Assets/FX/JMO Assets/Materials/Textures using Guid(be11574018eb9cc4882e2d9ddb8c7926) Importer(815301076,1909f56bfc062723c751e8b465ee728b)  -> (artifact id: '051cf69d66611c93ae28389a28024029') in 0.015683 seconds 
  Import took 0.021044 seconds .

========================================================================
Received Import Request.
  Time since last request: 0.036822 seconds.
  path: Assets/Scripts/CamFollow.cs
  artifactKey: Guid(e60137c32b7dbf74a9077c6010a53f3f) Importer(815301076,1909f56bfc062723c751e8b465ee728b)
Start importing Assets/Scripts/CamFollow.cs using Guid(e60137c32b7dbf74a9077c6010a53f3f) Importer(815301076,1909f56bfc062723c751e8b465ee728b)  -> (artifact id: '4b58d2db3c854e78366fb28bfb34f8e2') in 0.015539 seconds 
  Import took 0.021346 seconds .

========================================================================
Received Import Request.
  Time since last request: 0.058960 seconds.
  path: Assets/FX/JMO Assets/Materials/Textures/CFX_T_Star Add.png
  artifactKey: Guid(df9dab791d4192b4694f9a442f64b18d) Importer(815301076,1909f56bfc062723c751e8b465ee728b)
Start importing Assets/FX/JMO Assets/Materials/Textures/CFX_T_Star Add.png using Guid(df9dab791d4192b4694f9a442f64b18d) Importer(815301076,1909f56bfc062723c751e8b465ee728b)  -> (artifact id: '2a3104241a06ecf36a302107c9bdd45d') in 0.028089 seconds 
  Import took 0.034489 seconds .

========================================================================
Received Import Request.
  Time since last request: 0.060804 seconds.
  path: Assets/Scripts/Timer.cs
  artifactKey: Guid(a00cdfcef1049a4438d62752da566967) Importer(815301076,1909f56bfc062723c751e8b465ee728b)
Start importing Assets/Scripts/Timer.cs using Guid(a00cdfcef1049a4438d62752da566967) Importer(815301076,1909f56bfc062723c751e8b465ee728b)  -> (artifact id: '43004354d67453b4ae1e5e22b5dbdeb3') in 0.015006 seconds 
  Import took 0.020668 seconds .

AssetImportWorkerClient::OnTransportError - code=2 error=End of file
